<?xml version="1.0" encoding="UTF-8"?>
<testsuite xmlns:xsi="http://www.w3.org/2001/XMLSchema-instance" xsi:noNamespaceSchemaLocation="https://maven.apache.org/surefire/maven-surefire-plugin/xsd/surefire-test-report-3.0.xsd" version="3.0" name="com.teit.AppTest" time="0.411" tests="2" errors="0" skipped="0" failures="0">
  <properties>
    <property name="java.specification.version" value="21"/>
    <property name="sun.cpu.isalist" value="amd64"/>
    <property name="sun.jnu.encoding" value="Cp1252"/>
    <property name="java.class.path" value="C:\Users\Shubham\eclipse-workspace\myproject\target\test-classes;C:\Users\Shubham\eclipse-workspace\myproject\target\classes;C:\Users\Shubham\.m2\repository\org\testng\testng\7.3.0\testng-7.3.0.jar;C:\Users\Shubham\.m2\repository\com\beust\jcommander\1.78\jcommander-1.78.jar;C:\Users\Shubham\.m2\repository\org\apache\ant\ant\1.10.3\ant-1.10.3.jar;C:\Users\Shubham\.m2\repository\org\apache\ant\ant-launcher\1.10.3\ant-launcher-1.10.3.jar;C:\Users\Shubham\.m2\repository\junit\junit\4.12\junit-4.12.jar;C:\Users\Shubham\.m2\repository\org\hamcrest\hamcrest-core\1.3\hamcrest-core-1.3.jar;C:\Users\Shubham\.m2\repository\com\google\inject\guice\4.2.2\guice-4.2.2-no_aop.jar;C:\Users\Shubham\.m2\repository\javax\inject\javax.inject\1\javax.inject-1.jar;C:\Users\Shubham\.m2\repository\aopalliance\aopalliance\1.0\aopalliance-1.0.jar;C:\Users\Shubham\.m2\repository\com\google\guava\guava\25.1-android\guava-25.1-android.jar;C:\Users\Shubham\.m2\repository\com\google\code\findbugs\jsr305\3.0.2\jsr305-3.0.2.jar;C:\Users\Shubham\.m2\repository\org\checkerframework\checker-compat-qual\2.0.0\checker-compat-qual-2.0.0.jar;C:\Users\Shubham\.m2\repository\com\google\errorprone\error_prone_annotations\2.1.3\error_prone_annotations-2.1.3.jar;C:\Users\Shubham\.m2\repository\com\google\j2objc\j2objc-annotations\1.1\j2objc-annotations-1.1.jar;C:\Users\Shubham\.m2\repository\org\codehaus\mojo\animal-sniffer-annotations\1.14\animal-sniffer-annotations-1.14.jar;C:\Users\Shubham\.m2\repository\org\yaml\snakeyaml\1.21\snakeyaml-1.21.jar;"/>
    <property name="java.vm.vendor" value="Oracle Corporation"/>
    <property name="sun.arch.data.model" value="64"/>
    <property name="user.variant" value=""/>
    <property name="java.vendor.url" value="https://java.oracle.com/"/>
    <property name="user.timezone" value="Asia/Calcutta"/>
    <property name="os.name" value="Windows 11"/>
    <property name="java.vm.specification.version" value="21"/>
    <property name="sun.java.launcher" value="SUN_STANDARD"/>
    <property name="user.country" value="IN"/>
    <property name="sun.boot.library.path" value="C:\Program Files\Java\jdk-21\bin"/>
    <property name="sun.java.command" value="C:\Users\Shubham\AppData\Local\Temp\surefire282523764400704487\surefirebooter-20240927212240235_3.jar C:\Users\Shubham\AppData\Local\Temp\surefire282523764400704487 2024-09-27T21-22-40_055-jvmRun1 surefire-20240927212240235_1tmp surefire_0-20240927212240235_2tmp"/>
    <property name="jdk.debug" value="release"/>
    <property name="surefire.test.class.path" value="C:\Users\Shubham\eclipse-workspace\myproject\target\test-classes;C:\Users\Shubham\eclipse-workspace\myproject\target\classes;C:\Users\Shubham\.m2\repository\org\testng\testng\7.3.0\testng-7.3.0.jar;C:\Users\Shubham\.m2\repository\com\beust\jcommander\1.78\jcommander-1.78.jar;C:\Users\Shubham\.m2\repository\org\apache\ant\ant\1.10.3\ant-1.10.3.jar;C:\Users\Shubham\.m2\repository\org\apache\ant\ant-launcher\1.10.3\ant-launcher-1.10.3.jar;C:\Users\Shubham\.m2\repository\junit\junit\4.12\junit-4.12.jar;C:\Users\Shubham\.m2\repository\org\hamcrest\hamcrest-core\1.3\hamcrest-core-1.3.jar;C:\Users\Shubham\.m2\repository\com\google\inject\guice\4.2.2\guice-4.2.2-no_aop.jar;C:\Users\Shubham\.m2\repository\javax\inject\javax.inject\1\javax.inject-1.jar;C:\Users\Shubham\.m2\repository\aopalliance\aopalliance\1.0\aopalliance-1.0.jar;C:\Users\Shubham\.m2\repository\com\google\guava\guava\25.1-android\guava-25.1-android.jar;C:\Users\Shubham\.m2\repository\com\google\code\findbugs\jsr305\3.0.2\jsr305-3.0.2.jar;C:\Users\Shubham\.m2\repository\org\checkerframework\checker-compat-qual\2.0.0\checker-compat-qual-2.0.0.jar;C:\Users\Shubham\.m2\repository\com\google\errorprone\error_prone_annotations\2.1.3\error_prone_annotations-2.1.3.jar;C:\Users\Shubham\.m2\repository\com\google\j2objc\j2objc-annotations\1.1\j2objc-annotations-1.1.jar;C:\Users\Shubham\.m2\repository\org\codehaus\mojo\animal-sniffer-annotations\1.14\animal-sniffer-annotations-1.14.jar;C:\Users\Shubham\.m2\repository\org\yaml\snakeyaml\1.21\snakeyaml-1.21.jar;"/>
    <property name="sun.cpu.endian" value="little"/>
    <property name="user.home" value="C:\Users\Shubham"/>
    <property name="user.language" value="en"/>
    <property name="java.specification.vendor" value="Oracle Corporation"/>
    <property name="java.version.date" value="2024-07-16"/>
    <property name="java.home" value="C:\Program Files\Java\jdk-21"/>
    <property name="file.separator" value="\"/>
    <property name="basedir" value="C:\Users\Shubham\eclipse-workspace\myproject"/>
    <property name="style.color" value="always"/>
    <property name="java.vm.compressedOopsMode" value="Zero based"/>
    <property name="line.separator" value="&#10;"/>
    <property name="java.vm.specification.vendor" value="Oracle Corporation"/>
    <property name="java.specification.name" value="Java Platform API Specification"/>
    <property name="surefire.real.class.path" value="C:\Users\Shubham\AppData\Local\Temp\surefire282523764400704487\surefirebooter-20240927212240235_3.jar"/>
    <property name="user.script" value=""/>
    <property name="sun.management.compiler" value="HotSpot 64-Bit Tiered Compilers"/>
    <property name="java.runtime.version" value="21.0.4+8-LTS-274"/>
    <property name="user.name" value="Shubham"/>
    <property name="stdout.encoding" value="Cp1252"/>
    <property name="path.separator" value=";"/>
    <property name="os.version" value="10.0"/>
    <property name="java.runtime.name" value="Java(TM) SE Runtime Environment"/>
    <property name="file.encoding" value="UTF-8"/>
    <property name="java.vm.name" value="Java HotSpot(TM) 64-Bit Server VM"/>
    <property name="localRepository" value="C:\Users\Shubham\.m2\repository"/>
    <property name="java.vendor.url.bug" value="https://bugreport.java.com/bugreport/"/>
    <property name="java.io.tmpdir" value="C:\Users\Shubham\AppData\Local\Temp\"/>
    <property name="java.version" value="21.0.4"/>
    <property name="user.dir" value="C:\Users\Shubham\eclipse-workspace\myproject"/>
    <property name="os.arch" value="amd64"/>
    <property name="java.vm.specification.name" value="Java Virtual Machine Specification"/>
    <property name="sun.os.patch.level" value=""/>
    <property name="native.encoding" value="Cp1252"/>
    <property name="java.library.path" value="C:\Program Files\Java\jdk-21\bin;C:\windows\Sun\Java\bin;C:\windows\system32;C:\windows;C:\Program Files\Common Files\Oracle\Java\javapath;C:\windows\system32;C:\windows;C:\windows\System32\Wbem;C:\windows\System32\WindowsPowerShell\v1.0\;C:\windows\System32\OpenSSH\;C:\Program Files\dotnet\;C:\Program Files\nodejs\;C:\Program Files\HP\HP One Agent;C:\Program Files\Git\cmd;C:\Program Files\Java\jdk-21\bin;C:\Users\Shubham\AppData\Local\Programs\Python\Python312\Scripts\;C:\Users\Shubham\AppData\Local\Programs\Python\Python312\;C:\Users\Shubham\AppData\Local\Programs\Python\Launcher\;C:\Users\Shubham\AppData\Local\Microsoft\WindowsApps;;C:\Users\Shubham\AppData\Local\Programs\Microsoft VS Code\bin;C:\Users\Shubham\New folder\IntelliJ IDEA Educational Edition 2022.2.2\bin;;C:\Users\Shubham\AppData\Roaming\npm;C:\Program Files\JetBrains\PyCharm Community Edition 2024.1\bin;;."/>
    <property name="java.vm.info" value="mixed mode, sharing"/>
    <property name="stderr.encoding" value="Cp1252"/>
    <property name="java.vendor" value="Oracle Corporation"/>
    <property name="java.vm.version" value="21.0.4+8-LTS-274"/>
    <property name="sun.io.unicode.encoding" value="UnicodeLittle"/>
    <property name="java.class.version" value="65.0"/>
  </properties>
  <testcase name="testlogin2" classname="com.teit.AppTest" time="0.016"/>
  <testcase name="testloginl" classname="com.teit.AppTest" time="0.0"/>
</testsuite>