<?xml version="1.0" encoding="UTF-8"?>
<!-- Generated by org.testng.reporters.JUnitReportReporter -->
<testsuite hostname="LAPTOP-4K1TR3SO" failures="0" tests="2" name="com.teit.AppTest" time="0.015" errors="0" timestamp="2024-09-27T21:22:41 IST" skipped="0">
  <testcase classname="com.teit.AppTest" name="testlogin2" time="0.014"/>
  <system-out/>
  <testcase classname="com.teit.AppTest" name="testloginl" time="0.001"/>
  <system-out/>
</testsuite> <!-- com.teit.AppTest -->
